Arguments: 
  /usr/local/bin/node /usr/local/bin/yarn add webpack-cli -D

PATH: 
  /usr/local/bin:/usr/bin:/bin:/usr/sbin:/sbin

Yarn version: 
  1.19.1

Node version: 
  12.18.0

Platform: 
  darwin x64

Trace: 
  Error: getaddrinfo ENOTFOUND registry.npm.baidu-int.com
      at GetAddrInfoReqWrap.onlookup [as oncomplete] (dns.js:66:26)

npm manifest: 
  {
    "name": "play-plane",
    "version": "1.0.0",
    "description": "",
    "main": "main.js",
    "scripts": {
      "build": "webpack",
      "test": "echo \"Error: no test specified\" && exit 1"
    },
    "keywords": [],
    "author": "",
    "license": "ISC",
    "dependencies": {
      "webpack": "^4.43.0"
    }
  }

yarn manifest: 
  No manifest

Lockfile: 
  No lockfile
